<?xml version="1.0" encoding="UTF-8"?>
<testsuite xmlns:xsi="http://www.w3.org/2001/XMLSchema-instance" xsi:noNamespaceSchemaLocation="https://maven.apache.org/surefire/maven-surefire-plugin/xsd/surefire-test-report-3.0.xsd" version="3.0" name="cucumber.Options.TestRunner" time="9.827" tests="2" errors="0" skipped="0" failures="0">
  <properties>
[...]
</properties>
  <testcase name="Verify if place is being successfully added using AddPlaceAPI" classname="Validating place APIs" time="7.022">
    <system-out><![CDATA[Test 1
Test 2
/maps/api/place/add/json
Request method:	POST
Request URI:	https://rahulshettyacademy.com/maps/api/place/add/json?key=qaclick123
Proxy:			<none>
Request params:	<none>
Query params:	key=qaclick123
Form params:	<none>
Path params:	<none>
Headers:		Accept=*/*
				Content-Type=application/json
Cookies:		<none>
Multiparts:		<none>
Body:
{
    "accuracy": 50,
    "name": "AAHouse",
    "phone_number": "(+91) 983 893 3937",
    "address": "World Cross Centre",
    "website": "htttp://google.com",
    "language": "English",
    "location": {
        "lat": -38.383494,
        "lng": 33.427362
    },
    "types": [
        "shoe park",
        "shop"
    ]
}
HTTP/1.1 200 OK
Date: Wed, 27 Mar 2024 04:44:45 GMT
Server: Apache/2.4.52 (Ubuntu)
Access-Control-Allow-Origin: *
Access-Control-Allow-Methods: POST
Access-Control-Max-Age: 3600
Access-Control-Allow-Headers: Content-Type, Access-Control-Allow-Headers, Authorization, X-Requested-With
Content-Length: 194
Keep-Alive: timeout=5, max=100
Connection: Keep-Alive
Content-Type: application/json;charset=UTF-8

{
    "status": "OK",
    "place_id": "16be1cb0376454957907de9947f50557",
    "scope": "APP",
    "reference": "6787785f2a86c3c8a867e43ba531a8fe6787785f2a86c3c8a867e43ba531a8fe",
    "id": "6787785f2a86c3c8a867e43ba531a8fe"
}
Step 2 URL pass
200
{"status":"OK","place_id":"16be1cb0376454957907de9947f50557","scope":"APP","reference":"6787785f2a86c3c8a867e43ba531a8fe6787785f2a86c3c8a867e43ba531a8fe","id":"6787785f2a86c3c8a867e43ba531a8fe"}
{"status":"OK","place_id":"16be1cb0376454957907de9947f50557","scope":"APP","reference":"6787785f2a86c3c8a867e43ba531a8fe6787785f2a86c3c8a867e43ba531a8fe","id":"6787785f2a86c3c8a867e43ba531a8fe"}
Status : OK
Place Id : 16be1cb0376454957907de9947f50557
Scope : APP
Reference : 6787785f2a86c3c8a867e43ba531a8fe6787785f2a86c3c8a867e43ba531a8fe
ID : 6787785f2a86c3c8a867e43ba531a8fe
STAAAAAAAAAAA : OK
Test 5
Place IDDDDDDDDD : 16be1cb0376454957907de9947f50557
Scope: APP
Test 2
/maps/api/place/get/json
Request method:	POST
Request URI:	https://rahulshettyacademy.com/maps/api/place/get/json?key=qaclick123&place_id=16be1cb0376454957907de9947f50557
Proxy:			<none>
Request params:	<none>
Query params:	key=qaclick123
				place_id=16be1cb0376454957907de9947f50557
Form params:	<none>
Path params:	<none>
Headers:		Accept=*/*
				Content-Type=application/json
Cookies:		<none>
Multiparts:		<none>
Body:			<none>
HTTP/1.1 200 OK
Date: Wed, 27 Mar 2024 04:44:46 GMT
Server: Apache/2.4.52 (Ubuntu)
Access-Control-Allow-Origin: *
Access-Control-Allow-Methods: POST
Access-Control-Max-Age: 3600
Access-Control-Allow-Headers: Content-Type, Access-Control-Allow-Headers, Authorization, X-Requested-With
Content-Length: 241
Keep-Alive: timeout=5, max=100
Connection: Keep-Alive
Content-Type: application/json;charset=UTF-8

{
    "location": {
        "latitude": "-38.383494",
        "longitude": "33.427362"
    },
    "accuracy": "50",
    "name": "AAHouse",
    "phone_number": "(+91) 983 893 3937",
    "address": "World Cross Centre",
    "types": "shoe park,shop",
    "website": "htttp://google.com",
    "language": "English"
}
Request method:	GET
Request URI:	https://rahulshettyacademy.com/maps/api/place/get/json?key=qaclick123&place_id=16be1cb0376454957907de9947f50557
Proxy:			<none>
Request params:	<none>
Query params:	key=qaclick123
				place_id=16be1cb0376454957907de9947f50557
Form params:	<none>
Path params:	<none>
Headers:		Accept=*/*
				Content-Type=application/json
Cookies:		<none>
Multiparts:		<none>
Body:			<none>
{"location":{"latitude":"-38.383494","longitude":"33.427362"},"accuracy":"50","name":"AAHouse","phone_number":"(+91) 983 893 3937","address":"World Cross Centre","types":"shoe park,shop","website":"htttp:\/\/google.com","language":"English"}
Step 2 URL pass
]]></system-out>
    <system-err><![CDATA[Mar 27, 2024 3:44:41 PM io.cucumber.core.options.CucumberPropertiesParser lambda$warnWhenCucumberOptionsIsUsed$2
WARNING: Passing commandline options via the property 'cucumber.options' is no longer supported. Please use individual properties instead. See the java doc on io.cucumber.core.options.Constants for details.
]]></system-err>
  </testcase>
  <testcase name="Verify if Delete Place functionality is working" classname="Validating place APIs" time="2.129">
    <system-out><![CDATA[Delete Payload step 1
Delete Payload : 16be1cb0376454957907de9947f50557
Test 2
/maps/api/place/delete/json
Request method:	POST
Request URI:	https://rahulshettyacademy.com/maps/api/place/delete/json?key=qaclick123
Proxy:			<none>
Request params:	<none>
Query params:	key=qaclick123
Form params:	<none>
Path params:	<none>
Headers:		Accept=*/*
				Content-Type=application/json
Cookies:		<none>
Multiparts:		<none>
Body:
{\r\n    \"place_id\": \"16be1cb0376454957907de9947f50557\"\r\n}
HTTP/1.1 200 OK
Date: Wed, 27 Mar 2024 04:44:49 GMT
Server: Apache/2.4.52 (Ubuntu)
Access-Control-Allow-Origin: *
Access-Control-Allow-Methods: POST
Access-Control-Max-Age: 3600
Access-Control-Allow-Headers: Content-Type, Access-Control-Allow-Headers, Authorization, X-Requested-With
Content-Length: 0
Keep-Alive: timeout=5, max=100
Connection: Keep-Alive
Content-Type: application/json; charset=UTF-8
Step 2 URL pass
200

200
{"status":"OK"}
]]></system-out>
    <system-err><![CDATA[Status sssssssss: OK
]]></system-err>
  </testcase>
</testsuite>